  Source.cpp
C:\Users\l_DK_l\Documents\GitHub\Breakout\Breakout\Breakout\Plate.h(20,34): warning C4244: return: преобразование "const int" в "float", возможна потеря данных
  (компиляция исходного файла "Source.cpp")
  
C:\Users\l_DK_l\Documents\GitHub\Breakout\Breakout\Breakout\Ball.h(11,16): warning C4244: инициализация: преобразование "float" в "int", возможна потеря данных
  (компиляция исходного файла "Source.cpp")
  
C:\Users\l_DK_l\Documents\GitHub\Breakout\Breakout\Breakout\Ball.h(21,34): warning C4244: return: преобразование "const int" в "float", возможна потеря данных
  (компиляция исходного файла "Source.cpp")
  
C:\Users\l_DK_l\Documents\GitHub\Breakout\Breakout\Breakout\Source.cpp(30,11): warning C4101: c: неиспользованная локальная переменная
C:\Users\l_DK_l\Documents\GitHub\Breakout\Breakout\Breakout\Source.cpp(51,23): warning C4018: <: несоответствие типов со знаком и без знака
C:\Users\l_DK_l\Documents\GitHub\Breakout\Breakout\Breakout\Source.cpp(52,27): warning C4018: <: несоответствие типов со знаком и без знака
C:\Users\l_DK_l\Documents\GitHub\Breakout\Breakout\Breakout\Source.cpp(72,23): warning C4018: <: несоответствие типов со знаком и без знака
C:\Users\l_DK_l\Documents\GitHub\Breakout\Breakout\Breakout\Source.cpp(143,27): warning C4018: <: несоответствие типов со знаком и без знака
C:\Users\l_DK_l\Documents\GitHub\Breakout\Breakout\Breakout\Source.cpp(187,47): warning C4244: аргумент: преобразование "float" в "int", возможна потеря данных
C:\Users\l_DK_l\Documents\GitHub\Breakout\Breakout\Breakout\Source.cpp(193,47): warning C4244: аргумент: преобразование "float" в "int", возможна потеря данных
C:\Users\l_DK_l\Documents\GitHub\Breakout\Breakout\Breakout\Source.cpp(199,47): warning C4244: аргумент: преобразование "float" в "int", возможна потеря данных
C:\Users\l_DK_l\Documents\GitHub\Breakout\Breakout\Breakout\Source.cpp(205,47): warning C4244: аргумент: преобразование "float" в "int", возможна потеря данных
C:\Users\l_DK_l\Documents\GitHub\Breakout\Breakout\Breakout\Source.cpp(212,47): warning C4244: аргумент: преобразование "float" в "int", возможна потеря данных
C:\Users\l_DK_l\Documents\GitHub\Breakout\Breakout\Breakout\Source.cpp(219,47): warning C4244: аргумент: преобразование "float" в "int", возможна потеря данных
C:\Users\l_DK_l\Documents\GitHub\Breakout\Breakout\Breakout\Source.cpp(226,47): warning C4244: аргумент: преобразование "float" в "int", возможна потеря данных
C:\Users\l_DK_l\Documents\GitHub\Breakout\Breakout\Breakout\Source.cpp(233,47): warning C4244: аргумент: преобразование "float" в "int", возможна потеря данных
C:\Users\l_DK_l\Documents\GitHub\Breakout\Breakout\Breakout\Source.cpp(249,25): warning C4244: аргумент: преобразование "int" в "float", возможна потеря данных
C:\Users\l_DK_l\Documents\GitHub\Breakout\Breakout\Breakout\Source.cpp(249,18): warning C4244: аргумент: преобразование "int" в "float", возможна потеря данных
C:\Users\l_DK_l\Documents\GitHub\Breakout\Breakout\Breakout\Source.cpp(254,23): warning C4018: <: несоответствие типов со знаком и без знака
C:\Users\l_DK_l\Documents\GitHub\Breakout\Breakout\Breakout\Source.cpp(300,27): warning C4018: <: несоответствие типов со знаком и без знака
C:\Users\l_DK_l\Documents\GitHub\Breakout\Breakout\Breakout\Source.cpp(304,38): warning C4244: аргумент: преобразование "int" в "float", возможна потеря данных
C:\Users\l_DK_l\Documents\GitHub\Breakout\Breakout\Breakout\Source.cpp(314,23): warning C4018: <: несоответствие типов со знаком и без знака
C:\Users\l_DK_l\Documents\GitHub\Breakout\Breakout\Breakout\Source.cpp(347,21): warning C4244: инициализация: преобразование "int" в "float", возможна потеря данных
C:\Users\l_DK_l\Documents\GitHub\Breakout\Breakout\Breakout\Source.cpp(361,15): warning C4244: аргумент: преобразование "time_t" в "unsigned int", возможна потеря данных
C:\Users\l_DK_l\Documents\GitHub\Breakout\Breakout\Breakout\Source.cpp(364,39): warning C4244: аргумент: преобразование "float" в "int", возможна потеря данных
C:\Users\l_DK_l\Documents\GitHub\Breakout\Breakout\Breakout\Source.cpp(364,25): warning C4244: аргумент: преобразование "float" в "int", возможна потеря данных
  Breakout.vcxproj -> C:\Users\l_DK_l\Documents\GitHub\Breakout\Breakout\Debug\Breakout.exe
